e:\visualstudio\projects\injector\injector\debug\vc142.pdb
e:\visualstudio\projects\injector\injector\debug\vc142.idb
e:\visualstudio\projects\injector\injector\debug\injector.obj
e:\visualstudio\projects\lh_injector\injector\debug\vc142.pdb
e:\visualstudio\projects\lh_injector\injector\debug\vc142.idb
e:\visualstudio\projects\lh_injector\injector\debug\injector.obj
e:\visualstudio\projects\injector\debug\injector.exe
e:\visualstudio\projects\injector\debug\injector.ilk
e:\visualstudio\projects\injector\debug\injector.pdb
e:\visualstudio\projects\lh_injector\debug\injector.ilk
e:\visualstudio\projects\lh_injector\debug\injector.exe
e:\visualstudio\projects\lh_injector\debug\injector.pdb
e:\visualstudio\projects\injector\injector\debug\injector.res
e:\visualstudio\projects\lh_injector\injector\debug\injector.res
e:\visualstudio\projects\lh_injector\injector\debug\injector1.res
e:\visualstudio\projects\lh_injector\injector\debug\injector.tlog\cl.command.1.tlog
e:\visualstudio\projects\lh_injector\injector\debug\injector.tlog\cl.read.1.tlog
e:\visualstudio\projects\lh_injector\injector\debug\injector.tlog\cl.write.1.tlog
e:\visualstudio\projects\lh_injector\injector\debug\injector.tlog\link.command.1.tlog
e:\visualstudio\projects\lh_injector\injector\debug\injector.tlog\link.read.1.tlog
e:\visualstudio\projects\lh_injector\injector\debug\injector.tlog\link.write.1.tlog
e:\visualstudio\projects\lh_injector\injector\debug\injector.tlog\rc.command.1.tlog
e:\visualstudio\projects\lh_injector\injector\debug\injector.tlog\rc.read.1.tlog
e:\visualstudio\projects\lh_injector\injector\debug\injector.tlog\rc.write.1.tlog
